<?xml version="1.0" encoding="UTF-8"?>
<!-- Generated by org.testng.reporters.JUnitReportReporter -->
<testsuite hostname="DESKTOP-V8TS46C" failures="0" tests="1" name="day3.PathAndQueryParameters" time="4.259" errors="0" timestamp="2022-09-30T21:58:16 IST" skipped="0">
  <testcase classname="day3.PathAndQueryParameters" name="testQueryPathParameters" time="4.259"/>
  <system-out/>
</testsuite> <!-- day3.PathAndQueryParameters -->
