<?xml version="1.0" encoding="UTF-8"?>
<!-- Generated by org.testng.reporters.JUnitReportReporter -->
<testsuite hostname="DESKTOP-V8TS46C" failures="0" tests="1" name="com.rest.AutomateGet_HamcrestAssertOnExtractedResponse" time="9.696" errors="0" timestamp="2022-09-18T13:27:06 IST" skipped="0">
  <testcase classname="com.rest.AutomateGet_HamcrestAssertOnExtractedResponse" name="hamcrest_assert_on_extracted_response" time="9.696"/>
  <system-out/>
</testsuite> <!-- com.rest.AutomateGet_HamcrestAssertOnExtractedResponse -->
