<?xml version="1.0" encoding="UTF-8"?>
<!-- Generated by org.testng.reporters.JUnitReportReporter -->
<testsuite hostname="DESKTOP-V8TS46C" failures="0" tests="1" name="com.rest.AutomateGet" time="7.816" errors="0" timestamp="2022-09-18T00:18:18 IST" skipped="0">
  <testcase classname="com.rest.AutomateGet" name="test" time="7.816"/>
  <system-out/>
</testsuite> <!-- com.rest.AutomateGet -->
