<?xml version="1.0" encoding="UTF-8"?>
<!-- Generated by org.testng.reporters.JUnitReportReporter -->
<testsuite hostname="DESKTOP-V8TS46C" failures="0" tests="3" name="day5.FileUploadAndDownload" time="8.769" errors="0" timestamp="2022-11-06T14:33:59 IST" skipped="1">
  <testcase classname="day5.FileUploadAndDownload" name="multipleFileUpload" time="8.585"/>
  <system-out/>
  <testcase classname="day5.FileUploadAndDownload" name="fileDownload" time="0.184"/>
  <system-out/>
  <testcase classname="day5.FileUploadAndDownload" name="singleFileUpload">
    <skipped/>
  </testcase> <!-- singleFileUpload -->
  <system-out/>
</testsuite> <!-- day5.FileUploadAndDownload -->
