<?xml version="1.0" encoding="UTF-8"?>
<!-- Generated by org.testng.reporters.JUnitReportReporter -->
<testsuite hostname="DESKTOP-V8TS46C" failures="0" tests="5" name="day2.DifferentWaysToCreatePostRequestBody" time="4.899" errors="0" timestamp="2022-09-29T09:06:01 IST" skipped="3">
  <testcase classname="day2.DifferentWaysToCreatePostRequestBody" name="testPostUsingJsonFile" time="4.821"/>
  <system-out/>
  <testcase classname="day2.DifferentWaysToCreatePostRequestBody" name="testDelete" time="0.078"/>
  <system-out/>
  <testcase classname="day2.DifferentWaysToCreatePostRequestBody" name="testPostUsingJsonLibrary">
    <skipped/>
  </testcase> <!-- testPostUsingJsonLibrary -->
  <system-out/>
  <testcase classname="day2.DifferentWaysToCreatePostRequestBody" name="testPostUsingPOJO">
    <skipped/>
  </testcase> <!-- testPostUsingPOJO -->
  <system-out/>
  <testcase classname="day2.DifferentWaysToCreatePostRequestBody" name="testPostUsingHashMap">
    <skipped/>
  </testcase> <!-- testPostUsingHashMap -->
  <system-out/>
</testsuite> <!-- day2.DifferentWaysToCreatePostRequestBody -->
