<?xml version="1.0" encoding="UTF-8"?>
<!-- Generated by org.testng.reporters.JUnitReportReporter -->
<testsuite hostname="DESKTOP-V8TS46C" failures="0" tests="1" name="com.rest.TestRest" time="1.010" errors="0" timestamp="2022-09-17T11:55:51 IST" skipped="0">
  <testcase classname="com.rest.TestRest" name="test" time="1.010"/>
  <system-out/>
</testsuite> <!-- com.rest.TestRest -->
