<?xml version="1.0" encoding="UTF-8"?>
<!-- Generated by org.testng.reporters.JUnitReportReporter -->
<testsuite hostname="DESKTOP-V8TS46C" failures="0" tests="1" name="com.rest.AutomateGetHamcrestAssertion" time="6.776" errors="0" timestamp="2022-09-18T11:20:40 IST" skipped="0">
  <testcase classname="com.rest.AutomateGetHamcrestAssertion" name="test" time="6.776"/>
  <system-out/>
</testsuite> <!-- com.rest.AutomateGetHamcrestAssertion -->
