<?xml version="1.0" encoding="UTF-8"?>
<!-- Generated by org.testng.reporters.JUnitReportReporter -->
<testsuite hostname="DESKTOP-V8TS46C" failures="0" tests="1" name="day7.FakerDataGenerator" time="0.426" errors="0" timestamp="2022-11-12T11:07:46 IST" skipped="0">
  <testcase classname="day7.FakerDataGenerator" name="testGenerateData" time="0.426"/>
  <system-out/>
</testsuite> <!-- day7.FakerDataGenerator -->
