<?xml version="1.0" encoding="UTF-8"?>
<!-- Generated by org.testng.reporters.JUnitReportReporter -->
<testsuite hostname="DESKTOP-V8TS46C" failures="0" tests="1" name="day8.GetUser" time="0.873" errors="0" timestamp="2022-11-14T21:46:44 IST" skipped="0">
  <testcase classname="day8.GetUser" name="test_getUser" time="0.873"/>
  <system-out/>
</testsuite> <!-- day8.GetUser -->
