<?xml version="1.0" encoding="UTF-8"?>
<!-- Generated by org.testng.reporters.JUnitReportReporter -->
<testsuite hostname="DESKTOP-V8TS46C" failures="0" tests="2" name="day6.SerilizationDeserilization" time="0.543" errors="0" timestamp="2022-11-07T01:23:01 IST" skipped="0">
  <testcase classname="day6.SerilizationDeserilization" name="convertPOJOtoJson" time="0.497"/>
  <system-out/>
  <testcase classname="day6.SerilizationDeserilization" name="convertJsonToPOJO" time="0.046"/>
  <system-out/>
</testsuite> <!-- day6.SerilizationDeserilization -->
