<?xml version="1.0" encoding="UTF-8"?>
<!-- Generated by org.testng.reporters.JUnitReportReporter -->
<testsuite hostname="DESKTOP-V8TS46C" failures="0" tests="4" name="com.rest.AutomateGet_Demos" time="4.396" errors="0" timestamp="2022-09-18T21:35:21 IST" skipped="3">
  <testcase classname="com.rest.AutomateGet_Demos" name="blacklist_header" time="4.396"/>
  <system-out/>
  <testcase classname="com.rest.AutomateGet_Demos" name="log_only_if_error">
    <skipped/>
  </testcase> <!-- log_only_if_error -->
  <system-out/>
  <testcase classname="com.rest.AutomateGet_Demos" name="request_response_logging">
    <skipped/>
  </testcase> <!-- request_response_logging -->
  <system-out/>
  <testcase classname="com.rest.AutomateGet_Demos" name="log_only_if_validation_fails">
    <skipped/>
  </testcase> <!-- log_only_if_validation_fails -->
  <system-out/>
</testsuite> <!-- com.rest.AutomateGet_Demos -->
