<?xml version="1.0" encoding="UTF-8"?>
<!-- Generated by org.testng.reporters.JUnitReportReporter -->
<testsuite hostname="DESKTOP-V8TS46C" failures="0" tests="2" name="day3.CookiesDemo" time="4.215" errors="0" timestamp="2022-09-30T22:24:51 IST" skipped="1">
  <testcase classname="day3.CookiesDemo" name="getCookieInfo" time="4.215"/>
  <system-out/>
  <testcase classname="day3.CookiesDemo" name="testCookies">
    <skipped/>
  </testcase> <!-- testCookies -->
  <system-out/>
</testsuite> <!-- day3.CookiesDemo -->
