<?xml version="1.0" encoding="UTF-8"?>
<!-- Generated by org.testng.reporters.JUnitReportReporter -->
<testsuite hostname="DESKTOP-V8TS46C" failures="0" tests="1" name="day6.JSONSchemaValidator" time="3.728" errors="0" timestamp="2023-08-26T18:29:05 IST" skipped="0">
  <testcase classname="day6.JSONSchemaValidator" name="validateJsonScehema" time="3.728"/>
  <system-out/>
</testsuite> <!-- day6.JSONSchemaValidator -->
