<?xml version="1.0" encoding="UTF-8"?>
<!-- Generated by org.testng.reporters.JUnitReportReporter -->
<testsuite hostname="DESKTOP-V8TS46C" failures="0" tests="3" name="day4.ParsingJSONResponseData" time="2.533" errors="0" timestamp="2022-11-02T00:39:14 IST" skipped="2">
  <testcase classname="day4.ParsingJSONResponseData" name="testJSONResponseforTitle_demo2" time="2.533"/>
  <system-out/>
  <testcase classname="day4.ParsingJSONResponseData" name="testJSONResponseforTitle_demo1">
    <skipped/>
  </testcase> <!-- testJSONResponseforTitle_demo1 -->
  <system-out/>
  <testcase classname="day4.ParsingJSONResponseData" name="testJSONResponse">
    <skipped/>
  </testcase> <!-- testJSONResponse -->
  <system-out/>
</testsuite> <!-- day4.ParsingJSONResponseData -->
