<?xml version="1.0" encoding="UTF-8"?>
<!-- Generated by org.testng.reporters.JUnitReportReporter -->
<testsuite hostname="DESKTOP-V8TS46C" failures="0" tests="4" name="day1.HTTPRequest" time="6.918" errors="0" timestamp="2022-09-28T07:38:16 IST" skipped="1">
  <testcase classname="day1.HTTPRequest" name="createUser" time="5.843"/>
  <system-out/>
  <testcase classname="day1.HTTPRequest" name="updateUser" time="0.577"/>
  <system-out/>
  <testcase classname="day1.HTTPRequest" name="deleteUser" time="0.498"/>
  <system-out/>
  <testcase classname="day1.HTTPRequest" name="listUsers">
    <skipped/>
  </testcase> <!-- listUsers -->
  <system-out/>
</testsuite> <!-- day1.HTTPRequest -->
