<?xml version="1.0" encoding="UTF-8"?>
<!-- Generated by org.testng.reporters.JUnitReportReporter -->
<testsuite hostname="DESKTOP-V8TS46C" failures="0" tests="1" name="com.rest.AutomateGetExtractResponse" time="6.381" errors="0" timestamp="2022-09-18T21:03:27 IST" skipped="0">
  <testcase classname="com.rest.AutomateGetExtractResponse" name="test" time="6.381"/>
  <system-out/>
</testsuite> <!-- com.rest.AutomateGetExtractResponse -->
