<?xml version="1.0" encoding="UTF-8"?>
<!-- Generated by org.testng.reporters.JUnitReportReporter -->
<testsuite hostname="DESKTOP-V8TS46C" failures="0" tests="2" name="day3.HeaderDemo" time="3.908" errors="0" timestamp="2022-09-30T22:38:45 IST" skipped="1">
  <testcase classname="day3.HeaderDemo" name="getHeadersInfo" time="3.908"/>
  <system-out/>
  <testcase classname="day3.HeaderDemo" name="testHeaders">
    <skipped/>
  </testcase> <!-- testHeaders -->
  <system-out/>
</testsuite> <!-- day3.HeaderDemo -->
