<?xml version="1.0" encoding="UTF-8"?>
<!-- Generated by org.testng.reporters.JUnitReportReporter -->
<testsuite hostname="DESKTOP-V8TS46C" failures="0" tests="1" name="com.rest.AutomateGetExtractSigleValueFromResponse" time="8.554" errors="0" timestamp="2022-09-18T11:31:28 IST" skipped="0">
  <testcase classname="com.rest.AutomateGetExtractSigleValueFromResponse" name="test" time="8.554"/>
  <system-out/>
</testsuite> <!-- com.rest.AutomateGetExtractSigleValueFromResponse -->
