<?xml version="1.0" encoding="UTF-8"?>
<!-- Generated by org.testng.reporters.JUnitReportReporter -->
<testsuite hostname="DESKTOP-V8TS46C" failures="0" tests="2" name="day5.ParsingXMLResponse" time="5.037" errors="0" timestamp="2022-11-06T13:59:48 IST" skipped="1">
  <testcase classname="day5.ParsingXMLResponse" name="TestXMLResponseBody" time="5.037"/>
  <system-out/>
  <testcase classname="day5.ParsingXMLResponse" name="TestXMLResponse">
    <skipped/>
  </testcase> <!-- TestXMLResponse -->
  <system-out/>
</testsuite> <!-- day5.ParsingXMLResponse -->
