<?xml version="1.0" encoding="UTF-8"?>
<!-- Generated by org.testng.reporters.JUnitReportReporter -->
<testsuite hostname="DESKTOP-V8TS46C" failures="0" tests="2" name="day7.Authentications" time="4.310" errors="0" timestamp="2022-11-12T10:56:25 IST" skipped="1">
  <testcase classname="day7.Authentications" name="testAPIKeyAuthentication" time="4.310"/>
  <system-out/>
  <testcase classname="day7.Authentications" name="testOAuth1Authentication">
    <skipped/>
  </testcase> <!-- testOAuth1Authentication -->
  <system-out/>
</testsuite> <!-- day7.Authentications -->
